1534758607411	geckodriver	INFO	geckodriver 0.21.0
1534758607414	geckodriver	INFO	Listening on 127.0.0.1:34145
1534758608485	mozrunner::runner	INFO	Running command: "/usr/bin/firefox" "-marionette" "-foreground" "-no-remote" "-profile" "/tmp/rust_mozprofile.9p5MmK3MjA9s"
1534758608632	addons.xpi	WARN	Can't get modified time of /usr/lib64/firefox/browser/features/aushelper@mozilla.org.xpi
1534758608689	addons.xpi-utils	WARN	addMetadata: Add-on aushelper@mozilla.org is invalid: [Exception... "Component returned failure code: 0x80520006 (NS_ERROR_FILE_TARGET_DOES_NOT_EXIST) [nsIFile.isFile]"  nsresult: "0x80520006 (NS_ERROR_FILE_TARGET_DOES_NOT_EXIST)"  location: "JS frame :: resource://gre/modules/addons/XPIInstall.jsm :: get :: line 240"  data: no] Stack trace: get()@resource://gre/modules/addons/XPIInstall.jsm:240
loadManifestFromFile()@resource://gre/modules/addons/XPIInstall.jsm:967
syncLoadManifestFromFile()@resource://gre/modules/addons/XPIInstall.jsm:981
addMetadata()@resource://gre/modules/addons/XPIDatabase.jsm:2490
processFileChanges()@resource://gre/modules/addons/XPIDatabase.jsm:2833
checkForChanges()@resource://gre/modules/addons/XPIProvider.jsm:2152
startup()@resource://gre/modules/addons/XPIProvider.jsm:1591
callProvider()@resource://gre/modules/AddonManager.jsm:207
_startProvider()@resource://gre/modules/AddonManager.jsm:655
startup()@resource://gre/modules/AddonManager.jsm:819
startup()@resource://gre/modules/AddonManager.jsm:2885
observe()@jar:file:///usr/lib64/firefox/omni.ja!/components/addonManager.js:66
1534758608690	addons.xpi-utils	WARN	Could not uninstall invalid item from locked install location
1534758609379	addons.xpi	WARN	Can't get modified time of /usr/lib64/firefox/browser/features/aushelper@mozilla.org.xpi
1534758609623	Marionette	INFO	Listening on port 35599
1534758609689	Marionette	WARN	TLS certificate errors will be ignored for this session
JavaScript error: https://start.fedoraproject.org/, line 292: TypeError: $(...).uls is not a function

###!!! [Parent][MessageChannel] Error: (msgtype=0x16007F,name=PBrowser::Msg_Destroy) Closed channel: cannot send/recv

*** UTM:SVC TimerManager:registerTimer called after profile-before-change notification. Ignoring timer registration for id: telemetry_modules_ping
1534758795461	geckodriver	INFO	geckodriver 0.21.0
1534758795464	geckodriver	INFO	Listening on 127.0.0.1:49853
1534758796500	mozrunner::runner	INFO	Running command: "/usr/bin/firefox" "-marionette" "-foreground" "-no-remote" "-profile" "/tmp/rust_mozprofile.zUQ8EAtJ8lyZ"
1534758796641	addons.xpi	WARN	Can't get modified time of /usr/lib64/firefox/browser/features/aushelper@mozilla.org.xpi
1534758796695	addons.xpi-utils	WARN	addMetadata: Add-on aushelper@mozilla.org is invalid: [Exception... "Component returned failure code: 0x80520006 (NS_ERROR_FILE_TARGET_DOES_NOT_EXIST) [nsIFile.isFile]"  nsresult: "0x80520006 (NS_ERROR_FILE_TARGET_DOES_NOT_EXIST)"  location: "JS frame :: resource://gre/modules/addons/XPIInstall.jsm :: get :: line 240"  data: no] Stack trace: get()@resource://gre/modules/addons/XPIInstall.jsm:240
loadManifestFromFile()@resource://gre/modules/addons/XPIInstall.jsm:967
syncLoadManifestFromFile()@resource://gre/modules/addons/XPIInstall.jsm:981
addMetadata()@resource://gre/modules/addons/XPIDatabase.jsm:2490
processFileChanges()@resource://gre/modules/addons/XPIDatabase.jsm:2833
checkForChanges()@resource://gre/modules/addons/XPIProvider.jsm:2152
startup()@resource://gre/modules/addons/XPIProvider.jsm:1591
callProvider()@resource://gre/modules/AddonManager.jsm:207
_startProvider()@resource://gre/modules/AddonManager.jsm:655
startup()@resource://gre/modules/AddonManager.jsm:819
startup()@resource://gre/modules/AddonManager.jsm:2885
observe()@jar:file:///usr/lib64/firefox/omni.ja!/components/addonManager.js:66
1534758796696	addons.xpi-utils	WARN	Could not uninstall invalid item from locked install location
1534758797352	addons.xpi	WARN	Can't get modified time of /usr/lib64/firefox/browser/features/aushelper@mozilla.org.xpi
1534758797460	Marionette	INFO	Listening on port 46669
1534758797507	Marionette	WARN	TLS certificate errors will be ignored for this session
[Parent 26491, Gecko_IOThread] WARNING: pipe error (63): Connection reset by peer: file /builddir/build/BUILD/firefox-61.0.1/ipc/chromium/src/chrome/common/ipc_channel_posix.cc, line 353
*** UTM:SVC TimerManager:registerTimer called after profile-before-change notification. Ignoring timer registration for id: telemetry_modules_ping
1534771358981	geckodriver	INFO	geckodriver 0.21.0
1534771358984	geckodriver	INFO	Listening on 127.0.0.1:39817
1534771360027	mozrunner::runner	INFO	Running command: "/usr/bin/firefox" "-marionette" "-foreground" "-no-remote" "-profile" "/tmp/rust_mozprofile.zSbHzo1MXf1c"
1534771360177	addons.xpi	WARN	Can't get modified time of /usr/lib64/firefox/browser/features/aushelper@mozilla.org.xpi
1534771360246	addons.xpi-utils	WARN	addMetadata: Add-on aushelper@mozilla.org is invalid: [Exception... "Component returned failure code: 0x80520006 (NS_ERROR_FILE_TARGET_DOES_NOT_EXIST) [nsIFile.isFile]"  nsresult: "0x80520006 (NS_ERROR_FILE_TARGET_DOES_NOT_EXIST)"  location: "JS frame :: resource://gre/modules/addons/XPIInstall.jsm :: get :: line 240"  data: no] Stack trace: get()@resource://gre/modules/addons/XPIInstall.jsm:240
loadManifestFromFile()@resource://gre/modules/addons/XPIInstall.jsm:967
syncLoadManifestFromFile()@resource://gre/modules/addons/XPIInstall.jsm:981
addMetadata()@resource://gre/modules/addons/XPIDatabase.jsm:2490
processFileChanges()@resource://gre/modules/addons/XPIDatabase.jsm:2833
checkForChanges()@resource://gre/modules/addons/XPIProvider.jsm:2152
startup()@resource://gre/modules/addons/XPIProvider.jsm:1591
callProvider()@resource://gre/modules/AddonManager.jsm:207
_startProvider()@resource://gre/modules/AddonManager.jsm:655
startup()@resource://gre/modules/AddonManager.jsm:819
startup()@resource://gre/modules/AddonManager.jsm:2885
observe()@jar:file:///usr/lib64/firefox/omni.ja!/components/addonManager.js:66
1534771360247	addons.xpi-utils	WARN	Could not uninstall invalid item from locked install location
1534771360945	addons.xpi	WARN	Can't get modified time of /usr/lib64/firefox/browser/features/aushelper@mozilla.org.xpi
1534771361192	Marionette	INFO	Listening on port 46471
1534771361231	Marionette	WARN	TLS certificate errors will be ignored for this session
JavaScript error: https://start.fedoraproject.org/, line 292: TypeError: $(...).uls is not a function
[Parent 11281, Gecko_IOThread] WARNING: pipe error (72): Connection reset by peer: file /builddir/build/BUILD/firefox-61.0.1/ipc/chromium/src/chrome/common/ipc_channel_posix.cc, line 353

###!!! [Parent][MessageChannel] Error: (msgtype=0x16007F,name=PBrowser::Msg_Destroy) Closed channel: cannot send/recv


###!!! [Child][MessageChannel] Error: (msgtype=0x160001,name=PBrowser::Msg_AsyncMessage) Closed channel: cannot send/recv

JavaScript error: chrome://global/content/browser-child.js, line 117: NS_ERROR_UNEXPECTED: 
[Parent 11281, Gecko_IOThread] WARNING: pipe error (119): Connection reset by peer: file /builddir/build/BUILD/firefox-61.0.1/ipc/chromium/src/chrome/common/ipc_channel_posix.cc, line 353
*** UTM:SVC TimerManager:registerTimer called after profile-before-change notification. Ignoring timer registration for id: telemetry_modules_ping
1534771450556	geckodriver	INFO	geckodriver 0.21.0
1534771450559	geckodriver	INFO	Listening on 127.0.0.1:36523
1534771451646	mozrunner::runner	INFO	Running command: "/usr/bin/firefox" "-marionette" "-foreground" "-no-remote" "-profile" "/tmp/rust_mozprofile.y3YV0vYGndvm"
1534771451792	addons.xpi	WARN	Can't get modified time of /usr/lib64/firefox/browser/features/aushelper@mozilla.org.xpi
1534771451848	addons.xpi-utils	WARN	addMetadata: Add-on aushelper@mozilla.org is invalid: [Exception... "Component returned failure code: 0x80520006 (NS_ERROR_FILE_TARGET_DOES_NOT_EXIST) [nsIFile.isFile]"  nsresult: "0x80520006 (NS_ERROR_FILE_TARGET_DOES_NOT_EXIST)"  location: "JS frame :: resource://gre/modules/addons/XPIInstall.jsm :: get :: line 240"  data: no] Stack trace: get()@resource://gre/modules/addons/XPIInstall.jsm:240
loadManifestFromFile()@resource://gre/modules/addons/XPIInstall.jsm:967
syncLoadManifestFromFile()@resource://gre/modules/addons/XPIInstall.jsm:981
addMetadata()@resource://gre/modules/addons/XPIDatabase.jsm:2490
processFileChanges()@resource://gre/modules/addons/XPIDatabase.jsm:2833
checkForChanges()@resource://gre/modules/addons/XPIProvider.jsm:2152
startup()@resource://gre/modules/addons/XPIProvider.jsm:1591
callProvider()@resource://gre/modules/AddonManager.jsm:207
_startProvider()@resource://gre/modules/AddonManager.jsm:655
startup()@resource://gre/modules/AddonManager.jsm:819
startup()@resource://gre/modules/AddonManager.jsm:2885
observe()@jar:file:///usr/lib64/firefox/omni.ja!/components/addonManager.js:66
1534771451849	addons.xpi-utils	WARN	Could not uninstall invalid item from locked install location
1534771452538	addons.xpi	WARN	Can't get modified time of /usr/lib64/firefox/browser/features/aushelper@mozilla.org.xpi
1534771452711	Marionette	INFO	Listening on port 37003
1534771452759	Marionette	WARN	TLS certificate errors will be ignored for this session
JavaScript error: https://start.fedoraproject.org/, line 292: TypeError: $(...).uls is not a function
[Parent 11756, Gecko_IOThread] WARNING: pipe error (67): Connection reset by peer: file /builddir/build/BUILD/firefox-61.0.1/ipc/chromium/src/chrome/common/ipc_channel_posix.cc, line 353

###!!! [Parent][MessageChannel] Error: (msgtype=0x16007F,name=PBrowser::Msg_Destroy) Closed channel: cannot send/recv

*** UTM:SVC TimerManager:registerTimer called after profile-before-change notification. Ignoring timer registration for id: telemetry_modules_ping
1534843913225	geckodriver	INFO	geckodriver 0.21.0
1534843913237	geckodriver	INFO	Listening on 127.0.0.1:54873
1534843914279	mozrunner::runner	INFO	Running command: "/usr/bin/firefox" "-marionette" "-foreground" "-no-remote" "-profile" "/tmp/rust_mozprofile.xXDNBSzDqp0f"
1534843914438	addons.xpi	WARN	Can't get modified time of /usr/lib64/firefox/browser/features/aushelper@mozilla.org.xpi
1534843914502	addons.xpi-utils	WARN	addMetadata: Add-on aushelper@mozilla.org is invalid: [Exception... "Component returned failure code: 0x80520006 (NS_ERROR_FILE_TARGET_DOES_NOT_EXIST) [nsIFile.isFile]"  nsresult: "0x80520006 (NS_ERROR_FILE_TARGET_DOES_NOT_EXIST)"  location: "JS frame :: resource://gre/modules/addons/XPIInstall.jsm :: get :: line 240"  data: no] Stack trace: get()@resource://gre/modules/addons/XPIInstall.jsm:240
loadManifestFromFile()@resource://gre/modules/addons/XPIInstall.jsm:967
syncLoadManifestFromFile()@resource://gre/modules/addons/XPIInstall.jsm:981
addMetadata()@resource://gre/modules/addons/XPIDatabase.jsm:2490
processFileChanges()@resource://gre/modules/addons/XPIDatabase.jsm:2833
checkForChanges()@resource://gre/modules/addons/XPIProvider.jsm:2152
startup()@resource://gre/modules/addons/XPIProvider.jsm:1591
callProvider()@resource://gre/modules/AddonManager.jsm:207
_startProvider()@resource://gre/modules/AddonManager.jsm:655
startup()@resource://gre/modules/AddonManager.jsm:819
startup()@resource://gre/modules/AddonManager.jsm:2885
observe()@jar:file:///usr/lib64/firefox/omni.ja!/components/addonManager.js:66
1534843914503	addons.xpi-utils	WARN	Could not uninstall invalid item from locked install location
1534843915235	addons.xpi	WARN	Can't get modified time of /usr/lib64/firefox/browser/features/aushelper@mozilla.org.xpi
1534843915491	Marionette	INFO	Listening on port 35013
1534843915587	Marionette	WARN	TLS certificate errors will be ignored for this session
JavaScript error: https://start.fedoraproject.org/, line 292: TypeError: $(...).uls is not a function

###!!! [Parent][MessageChannel] Error: (msgtype=0x16007F,name=PBrowser::Msg_Destroy) Closed channel: cannot send/recv

[Parent 19196, Gecko_IOThread] WARNING: pipe error (76): Connection reset by peer: file /builddir/build/BUILD/firefox-61.0.1/ipc/chromium/src/chrome/common/ipc_channel_posix.cc, line 353
*** UTM:SVC TimerManager:registerTimer called after profile-before-change notification. Ignoring timer registration for id: telemetry_modules_ping
1534844093463	geckodriver	INFO	geckodriver 0.21.0
1534844093466	geckodriver	INFO	Listening on 127.0.0.1:53219
1534844094539	mozrunner::runner	INFO	Running command: "/usr/bin/firefox" "-marionette" "-foreground" "-no-remote" "-profile" "/tmp/rust_mozprofile.KfME40FWzLXG"
1534844094678	addons.xpi	WARN	Can't get modified time of /usr/lib64/firefox/browser/features/aushelper@mozilla.org.xpi
1534844094738	addons.xpi-utils	WARN	addMetadata: Add-on aushelper@mozilla.org is invalid: [Exception... "Component returned failure code: 0x80520006 (NS_ERROR_FILE_TARGET_DOES_NOT_EXIST) [nsIFile.isFile]"  nsresult: "0x80520006 (NS_ERROR_FILE_TARGET_DOES_NOT_EXIST)"  location: "JS frame :: resource://gre/modules/addons/XPIInstall.jsm :: get :: line 240"  data: no] Stack trace: get()@resource://gre/modules/addons/XPIInstall.jsm:240
loadManifestFromFile()@resource://gre/modules/addons/XPIInstall.jsm:967
syncLoadManifestFromFile()@resource://gre/modules/addons/XPIInstall.jsm:981
addMetadata()@resource://gre/modules/addons/XPIDatabase.jsm:2490
processFileChanges()@resource://gre/modules/addons/XPIDatabase.jsm:2833
checkForChanges()@resource://gre/modules/addons/XPIProvider.jsm:2152
startup()@resource://gre/modules/addons/XPIProvider.jsm:1591
callProvider()@resource://gre/modules/AddonManager.jsm:207
_startProvider()@resource://gre/modules/AddonManager.jsm:655
startup()@resource://gre/modules/AddonManager.jsm:819
startup()@resource://gre/modules/AddonManager.jsm:2885
observe()@jar:file:///usr/lib64/firefox/omni.ja!/components/addonManager.js:66
1534844094739	addons.xpi-utils	WARN	Could not uninstall invalid item from locked install location
1534844095389	addons.xpi	WARN	Can't get modified time of /usr/lib64/firefox/browser/features/aushelper@mozilla.org.xpi
1534844095510	Marionette	INFO	Listening on port 43207
1534844095552	Marionette	WARN	TLS certificate errors will be ignored for this session
[Parent 19799, Gecko_IOThread] WARNING: pipe error (67): Connection reset by peer: file /builddir/build/BUILD/firefox-61.0.1/ipc/chromium/src/chrome/common/ipc_channel_posix.cc, line 353
*** UTM:SVC TimerManager:registerTimer called after profile-before-change notification. Ignoring timer registration for id: telemetry_modules_ping
1534844399091	geckodriver	INFO	geckodriver 0.21.0
1534844399094	geckodriver	INFO	Listening on 127.0.0.1:53351
1534844400191	mozrunner::runner	INFO	Running command: "/usr/bin/firefox" "-marionette" "-foreground" "-no-remote" "-profile" "/tmp/rust_mozprofile.F6w1ZBIHiTJG"
1534844400342	addons.xpi	WARN	Can't get modified time of /usr/lib64/firefox/browser/features/aushelper@mozilla.org.xpi
1534844400398	addons.xpi-utils	WARN	addMetadata: Add-on aushelper@mozilla.org is invalid: [Exception... "Component returned failure code: 0x80520006 (NS_ERROR_FILE_TARGET_DOES_NOT_EXIST) [nsIFile.isFile]"  nsresult: "0x80520006 (NS_ERROR_FILE_TARGET_DOES_NOT_EXIST)"  location: "JS frame :: resource://gre/modules/addons/XPIInstall.jsm :: get :: line 240"  data: no] Stack trace: get()@resource://gre/modules/addons/XPIInstall.jsm:240
loadManifestFromFile()@resource://gre/modules/addons/XPIInstall.jsm:967
syncLoadManifestFromFile()@resource://gre/modules/addons/XPIInstall.jsm:981
addMetadata()@resource://gre/modules/addons/XPIDatabase.jsm:2490
processFileChanges()@resource://gre/modules/addons/XPIDatabase.jsm:2833
checkForChanges()@resource://gre/modules/addons/XPIProvider.jsm:2152
startup()@resource://gre/modules/addons/XPIProvider.jsm:1591
callProvider()@resource://gre/modules/AddonManager.jsm:207
_startProvider()@resource://gre/modules/AddonManager.jsm:655
startup()@resource://gre/modules/AddonManager.jsm:819
startup()@resource://gre/modules/AddonManager.jsm:2885
observe()@jar:file:///usr/lib64/firefox/omni.ja!/components/addonManager.js:66
1534844400399	addons.xpi-utils	WARN	Could not uninstall invalid item from locked install location
1534844401054	addons.xpi	WARN	Can't get modified time of /usr/lib64/firefox/browser/features/aushelper@mozilla.org.xpi
1534844401308	Marionette	INFO	Listening on port 42757
1534844401399	Marionette	WARN	TLS certificate errors will be ignored for this session
JavaScript error: https://start.fedoraproject.org/, line 292: TypeError: $(...).uls is not a function

###!!! [Parent][MessageChannel] Error: (msgtype=0x16007F,name=PBrowser::Msg_Destroy) Closed channel: cannot send/recv

[Parent 20554, Gecko_IOThread] WARNING: pipe error (62): Connection reset by peer: file /builddir/build/BUILD/firefox-61.0.1/ipc/chromium/src/chrome/common/ipc_channel_posix.cc, line 353
*** UTM:SVC TimerManager:registerTimer called after profile-before-change notification. Ignoring timer registration for id: telemetry_modules_ping
1534844406345	geckodriver	INFO	geckodriver 0.21.0
1534844406358	geckodriver	INFO	Listening on 127.0.0.1:35429
1534844407422	mozrunner::runner	INFO	Running command: "/usr/bin/firefox" "-marionette" "-foreground" "-no-remote" "-profile" "/tmp/rust_mozprofile.pvLse4pFzgqx"
1534844407573	addons.xpi	WARN	Can't get modified time of /usr/lib64/firefox/browser/features/aushelper@mozilla.org.xpi
1534844407628	addons.xpi-utils	WARN	addMetadata: Add-on aushelper@mozilla.org is invalid: [Exception... "Component returned failure code: 0x80520006 (NS_ERROR_FILE_TARGET_DOES_NOT_EXIST) [nsIFile.isFile]"  nsresult: "0x80520006 (NS_ERROR_FILE_TARGET_DOES_NOT_EXIST)"  location: "JS frame :: resource://gre/modules/addons/XPIInstall.jsm :: get :: line 240"  data: no] Stack trace: get()@resource://gre/modules/addons/XPIInstall.jsm:240
loadManifestFromFile()@resource://gre/modules/addons/XPIInstall.jsm:967
syncLoadManifestFromFile()@resource://gre/modules/addons/XPIInstall.jsm:981
addMetadata()@resource://gre/modules/addons/XPIDatabase.jsm:2490
processFileChanges()@resource://gre/modules/addons/XPIDatabase.jsm:2833
checkForChanges()@resource://gre/modules/addons/XPIProvider.jsm:2152
startup()@resource://gre/modules/addons/XPIProvider.jsm:1591
callProvider()@resource://gre/modules/AddonManager.jsm:207
_startProvider()@resource://gre/modules/AddonManager.jsm:655
startup()@resource://gre/modules/AddonManager.jsm:819
startup()@resource://gre/modules/AddonManager.jsm:2885
observe()@jar:file:///usr/lib64/firefox/omni.ja!/components/addonManager.js:66
1534844407629	addons.xpi-utils	WARN	Could not uninstall invalid item from locked install location
1534844408289	addons.xpi	WARN	Can't get modified time of /usr/lib64/firefox/browser/features/aushelper@mozilla.org.xpi
1534844408545	Marionette	INFO	Listening on port 46367
1534844408627	Marionette	WARN	TLS certificate errors will be ignored for this session
JavaScript error: https://start.fedoraproject.org/, line 291: ReferenceError: $ is not defined

###!!! [Parent][MessageChannel] Error: (msgtype=0x16007F,name=PBrowser::Msg_Destroy) Closed channel: cannot send/recv

*** UTM:SVC TimerManager:registerTimer called after profile-before-change notification. Ignoring timer registration for id: telemetry_modules_ping
1534844526399	geckodriver	INFO	geckodriver 0.21.0
1534844526402	geckodriver	INFO	Listening on 127.0.0.1:55073
1534844527485	mozrunner::runner	INFO	Running command: "/usr/bin/firefox" "-marionette" "-foreground" "-no-remote" "-profile" "/tmp/rust_mozprofile.rFnsPh1mZifa"
1534844527643	addons.xpi	WARN	Can't get modified time of /usr/lib64/firefox/browser/features/aushelper@mozilla.org.xpi
1534844527697	addons.xpi-utils	WARN	addMetadata: Add-on aushelper@mozilla.org is invalid: [Exception... "Component returned failure code: 0x80520006 (NS_ERROR_FILE_TARGET_DOES_NOT_EXIST) [nsIFile.isFile]"  nsresult: "0x80520006 (NS_ERROR_FILE_TARGET_DOES_NOT_EXIST)"  location: "JS frame :: resource://gre/modules/addons/XPIInstall.jsm :: get :: line 240"  data: no] Stack trace: get()@resource://gre/modules/addons/XPIInstall.jsm:240
loadManifestFromFile()@resource://gre/modules/addons/XPIInstall.jsm:967
syncLoadManifestFromFile()@resource://gre/modules/addons/XPIInstall.jsm:981
addMetadata()@resource://gre/modules/addons/XPIDatabase.jsm:2490
processFileChanges()@resource://gre/modules/addons/XPIDatabase.jsm:2833
checkForChanges()@resource://gre/modules/addons/XPIProvider.jsm:2152
startup()@resource://gre/modules/addons/XPIProvider.jsm:1591
callProvider()@resource://gre/modules/AddonManager.jsm:207
_startProvider()@resource://gre/modules/AddonManager.jsm:655
startup()@resource://gre/modules/AddonManager.jsm:819
startup()@resource://gre/modules/AddonManager.jsm:2885
observe()@jar:file:///usr/lib64/firefox/omni.ja!/components/addonManager.js:66
1534844527698	addons.xpi-utils	WARN	Could not uninstall invalid item from locked install location
1534844528361	addons.xpi	WARN	Can't get modified time of /usr/lib64/firefox/browser/features/aushelper@mozilla.org.xpi
1534844528480	Marionette	INFO	Listening on port 40121
1534844528493	Marionette	WARN	TLS certificate errors will be ignored for this session
*** UTM:SVC TimerManager:registerTimer called after profile-before-change notification. Ignoring timer registration for id: telemetry_modules_ping
1534844533955	geckodriver	INFO	geckodriver 0.21.0
1534844533969	geckodriver	INFO	Listening on 127.0.0.1:52957
1534844535006	mozrunner::runner	INFO	Running command: "/usr/bin/firefox" "-marionette" "-foreground" "-no-remote" "-profile" "/tmp/rust_mozprofile.qhQC1JkwbC15"
1534844535146	addons.xpi	WARN	Can't get modified time of /usr/lib64/firefox/browser/features/aushelper@mozilla.org.xpi
1534844535200	addons.xpi-utils	WARN	addMetadata: Add-on aushelper@mozilla.org is invalid: [Exception... "Component returned failure code: 0x80520006 (NS_ERROR_FILE_TARGET_DOES_NOT_EXIST) [nsIFile.isFile]"  nsresult: "0x80520006 (NS_ERROR_FILE_TARGET_DOES_NOT_EXIST)"  location: "JS frame :: resource://gre/modules/addons/XPIInstall.jsm :: get :: line 240"  data: no] Stack trace: get()@resource://gre/modules/addons/XPIInstall.jsm:240
loadManifestFromFile()@resource://gre/modules/addons/XPIInstall.jsm:967
syncLoadManifestFromFile()@resource://gre/modules/addons/XPIInstall.jsm:981
addMetadata()@resource://gre/modules/addons/XPIDatabase.jsm:2490
processFileChanges()@resource://gre/modules/addons/XPIDatabase.jsm:2833
checkForChanges()@resource://gre/modules/addons/XPIProvider.jsm:2152
startup()@resource://gre/modules/addons/XPIProvider.jsm:1591
callProvider()@resource://gre/modules/AddonManager.jsm:207
_startProvider()@resource://gre/modules/AddonManager.jsm:655
startup()@resource://gre/modules/AddonManager.jsm:819
startup()@resource://gre/modules/AddonManager.jsm:2885
observe()@jar:file:///usr/lib64/firefox/omni.ja!/components/addonManager.js:66
1534844535200	addons.xpi-utils	WARN	Could not uninstall invalid item from locked install location
1534844535860	addons.xpi	WARN	Can't get modified time of /usr/lib64/firefox/browser/features/aushelper@mozilla.org.xpi
1534844535986	Marionette	INFO	Listening on port 34591
1534844536027	Marionette	WARN	TLS certificate errors will be ignored for this session
[Parent 21671, Gecko_IOThread] WARNING: pipe error (62): Connection reset by peer: file /builddir/build/BUILD/firefox-61.0.1/ipc/chromium/src/chrome/common/ipc_channel_posix.cc, line 353
*** UTM:SVC TimerManager:registerTimer called after profile-before-change notification. Ignoring timer registration for id: telemetry_modules_ping
1534844605047	geckodriver	INFO	geckodriver 0.21.0
1534844605050	geckodriver	INFO	Listening on 127.0.0.1:32939
1534844606140	mozrunner::runner	INFO	Running command: "/usr/bin/firefox" "-marionette" "-foreground" "-no-remote" "-profile" "/tmp/rust_mozprofile.KiDCnWujA5KU"
1534844606278	addons.xpi	WARN	Can't get modified time of /usr/lib64/firefox/browser/features/aushelper@mozilla.org.xpi
1534844606334	addons.xpi-utils	WARN	addMetadata: Add-on aushelper@mozilla.org is invalid: [Exception... "Component returned failure code: 0x80520006 (NS_ERROR_FILE_TARGET_DOES_NOT_EXIST) [nsIFile.isFile]"  nsresult: "0x80520006 (NS_ERROR_FILE_TARGET_DOES_NOT_EXIST)"  location: "JS frame :: resource://gre/modules/addons/XPIInstall.jsm :: get :: line 240"  data: no] Stack trace: get()@resource://gre/modules/addons/XPIInstall.jsm:240
loadManifestFromFile()@resource://gre/modules/addons/XPIInstall.jsm:967
syncLoadManifestFromFile()@resource://gre/modules/addons/XPIInstall.jsm:981
addMetadata()@resource://gre/modules/addons/XPIDatabase.jsm:2490
processFileChanges()@resource://gre/modules/addons/XPIDatabase.jsm:2833
checkForChanges()@resource://gre/modules/addons/XPIProvider.jsm:2152
startup()@resource://gre/modules/addons/XPIProvider.jsm:1591
callProvider()@resource://gre/modules/AddonManager.jsm:207
_startProvider()@resource://gre/modules/AddonManager.jsm:655
startup()@resource://gre/modules/AddonManager.jsm:819
startup()@resource://gre/modules/AddonManager.jsm:2885
observe()@jar:file:///usr/lib64/firefox/omni.ja!/components/addonManager.js:66
1534844606334	addons.xpi-utils	WARN	Could not uninstall invalid item from locked install location
1534844607000	addons.xpi	WARN	Can't get modified time of /usr/lib64/firefox/browser/features/aushelper@mozilla.org.xpi
1534844607111	Marionette	INFO	Listening on port 38313
1534844607156	Marionette	WARN	TLS certificate errors will be ignored for this session
[Parent 22058, Gecko_IOThread] WARNING: pipe error (62): Connection reset by peer: file /builddir/build/BUILD/firefox-61.0.1/ipc/chromium/src/chrome/common/ipc_channel_posix.cc, line 353
*** UTM:SVC TimerManager:registerTimer called after profile-before-change notification. Ignoring timer registration for id: telemetry_modules_ping
1534844612038	geckodriver	INFO	geckodriver 0.21.0
1534844612052	geckodriver	INFO	Listening on 127.0.0.1:46871
1534844613122	mozrunner::runner	INFO	Running command: "/usr/bin/firefox" "-marionette" "-foreground" "-no-remote" "-profile" "/tmp/rust_mozprofile.GgiwhFJLvig6"
1534844613262	addons.xpi	WARN	Can't get modified time of /usr/lib64/firefox/browser/features/aushelper@mozilla.org.xpi
1534844613318	addons.xpi-utils	WARN	addMetadata: Add-on aushelper@mozilla.org is invalid: [Exception... "Component returned failure code: 0x80520006 (NS_ERROR_FILE_TARGET_DOES_NOT_EXIST) [nsIFile.isFile]"  nsresult: "0x80520006 (NS_ERROR_FILE_TARGET_DOES_NOT_EXIST)"  location: "JS frame :: resource://gre/modules/addons/XPIInstall.jsm :: get :: line 240"  data: no] Stack trace: get()@resource://gre/modules/addons/XPIInstall.jsm:240
loadManifestFromFile()@resource://gre/modules/addons/XPIInstall.jsm:967
syncLoadManifestFromFile()@resource://gre/modules/addons/XPIInstall.jsm:981
addMetadata()@resource://gre/modules/addons/XPIDatabase.jsm:2490
processFileChanges()@resource://gre/modules/addons/XPIDatabase.jsm:2833
checkForChanges()@resource://gre/modules/addons/XPIProvider.jsm:2152
startup()@resource://gre/modules/addons/XPIProvider.jsm:1591
callProvider()@resource://gre/modules/AddonManager.jsm:207
_startProvider()@resource://gre/modules/AddonManager.jsm:655
startup()@resource://gre/modules/AddonManager.jsm:819
startup()@resource://gre/modules/AddonManager.jsm:2885
observe()@jar:file:///usr/lib64/firefox/omni.ja!/components/addonManager.js:66
1534844613318	addons.xpi-utils	WARN	Could not uninstall invalid item from locked install location
1534844613985	addons.xpi	WARN	Can't get modified time of /usr/lib64/firefox/browser/features/aushelper@mozilla.org.xpi
1534844614239	Marionette	INFO	Listening on port 40209
1534844614329	Marionette	WARN	TLS certificate errors will be ignored for this session
JavaScript error: https://start.fedoraproject.org/, line 292: TypeError: $(...).uls is not a function

###!!! [Parent][MessageChannel] Error: (msgtype=0x16007F,name=PBrowser::Msg_Destroy) Closed channel: cannot send/recv

[Parent 22351, Gecko_IOThread] WARNING: pipe error (67): Connection reset by peer: file /builddir/build/BUILD/firefox-61.0.1/ipc/chromium/src/chrome/common/ipc_channel_posix.cc, line 353
*** UTM:SVC TimerManager:registerTimer called after profile-before-change notification. Ignoring timer registration for id: telemetry_modules_ping
